2025-05-23 12:20:11 [main] INFO  org.testng.internal.Utils - [TestNG] Running:
  C:\Users\amulya.manjunatha\eclipse-workspace\com.Capstone.Project-2\testng_BankDemo.xml

2025-05-23 12:20:12 [main] INFO  parabank.tests.ParabankFlowTest - Initializing WebDriver
2025-05-23 12:20:14 [main] INFO  io.github.bonigarcia.wdm.WebDriverManager - Using chromedriver 136.0.7103.113 (resolved driver for Chrome 136)
2025-05-23 12:20:14 [main] INFO  io.github.bonigarcia.wdm.WebDriverManager - Exporting webdriver.chrome.driver as C:\Users\amulya.manjunatha\.cache\selenium\chromedriver\win64\136.0.7103.113\chromedriver.exe
2025-05-23 12:20:16 [main] INFO  parabank.tests.ParabankFlowTest - Opening URL: https://parabank.parasoft.com/parabank/index.htm
2025-05-23 12:20:25 [main] INFO  parabank.tests.ParabankFlowTest - Attempting login with username: john
2025-05-23 12:20:37 [main] INFO  parabank.tests.ParabankFlowTest - Login successful
2025-05-23 12:20:50 [main] INFO  parabank.tests.ParabankFlowTest - Closing the browser
2025-05-23 12:21:41 [main] INFO  org.testng.internal.Utils - [TestNG] Running:
  C:\Users\amulya.manjunatha\eclipse-workspace\com.Capstone.Project-2\testng_BankDemo.xml

2025-05-23 12:21:41 [main] INFO  parabank.tests.ParabankFlowTest - Initializing WebDriver
2025-05-23 12:21:41 [main] INFO  io.github.bonigarcia.wdm.WebDriverManager - Using chromedriver 136.0.7103.113 (resolved driver for Chrome 136)
2025-05-23 12:21:41 [main] INFO  io.github.bonigarcia.wdm.WebDriverManager - Exporting webdriver.chrome.driver as C:\Users\amulya.manjunatha\.cache\selenium\chromedriver\win64\136.0.7103.113\chromedriver.exe
2025-05-23 12:21:43 [main] INFO  parabank.tests.ParabankFlowTest - Opening URL: https://parabank.parasoft.com/parabank/index.htm
2025-05-23 12:21:48 [main] INFO  parabank.tests.ParabankFlowTest - Attempting login with username: john
2025-05-23 12:22:01 [main] INFO  parabank.tests.ParabankFlowTest - Login successful
2025-05-23 12:22:12 [main] INFO  parabank.tests.ParabankFlowTest - Closing the browser
2025-05-23 12:25:24 [main] INFO  org.testng.internal.Utils - [TestNG] Running:
  C:\Users\amulya.manjunatha\eclipse-workspace\com.Capstone.Project-2\testng_BankDemo.xml

2025-05-23 12:25:24 [main] INFO  parabank.tests.ParabankFlowTest - Initializing WebDriver
2025-05-23 12:25:25 [main] INFO  io.github.bonigarcia.wdm.WebDriverManager - Using chromedriver 136.0.7103.113 (resolved driver for Chrome 136)
2025-05-23 12:25:25 [main] INFO  io.github.bonigarcia.wdm.WebDriverManager - Exporting webdriver.chrome.driver as C:\Users\amulya.manjunatha\.cache\selenium\chromedriver\win64\136.0.7103.113\chromedriver.exe
2025-05-23 12:25:26 [main] INFO  parabank.tests.ParabankFlowTest - Opening URL: https://parabank.parasoft.com/parabank/index.htm
2025-05-23 12:25:32 [main] INFO  parabank.tests.ParabankFlowTest - Attempting login with username: john
2025-05-23 12:25:36 [main] ERROR parabank.tests.ParabankFlowTest - Login error message displayed - login failed
2025-05-23 12:25:36 [main] INFO  parabank.tests.ParabankFlowTest - Closing the browser
2025-05-23 12:27:28 [main] INFO  org.testng.internal.Utils - [TestNG] Running:
  C:\Users\amulya.manjunatha\eclipse-workspace\com.Capstone.Project-2\testng_BankDemo.xml

2025-05-23 12:27:28 [main] INFO  parabank.tests.ParabankFlowTest - Initializing WebDriver
2025-05-23 12:27:29 [main] INFO  io.github.bonigarcia.wdm.WebDriverManager - Using chromedriver 136.0.7103.113 (resolved driver for Chrome 136)
2025-05-23 12:27:29 [main] INFO  io.github.bonigarcia.wdm.WebDriverManager - Exporting webdriver.chrome.driver as C:\Users\amulya.manjunatha\.cache\selenium\chromedriver\win64\136.0.7103.113\chromedriver.exe
2025-05-23 12:27:31 [main] INFO  parabank.tests.ParabankFlowTest - Opening URL: https://parabank.parasoft.com/parabank/index.htm
2025-05-23 12:27:35 [main] INFO  parabank.tests.ParabankFlowTest - Attempting login with username: john
2025-05-23 12:27:48 [main] INFO  parabank.tests.ParabankFlowTest - Login successful for user: john
2025-05-23 12:27:48 [main] INFO  parabank.tests.ParabankFlowTest - Closing the browser
2025-05-23 12:28:21 [main] INFO  org.testng.internal.Utils - [TestNG] Running:
  C:\Users\amulya.manjunatha\eclipse-workspace\com.Capstone.Project-2\testng_BankDemo.xml

2025-05-23 12:28:21 [main] INFO  parabank.tests.ParabankFlowTest - Initializing WebDriver
2025-05-23 12:28:22 [main] INFO  io.github.bonigarcia.wdm.WebDriverManager - Using chromedriver 136.0.7103.113 (resolved driver for Chrome 136)
2025-05-23 12:28:22 [main] INFO  io.github.bonigarcia.wdm.WebDriverManager - Exporting webdriver.chrome.driver as C:\Users\amulya.manjunatha\.cache\selenium\chromedriver\win64\136.0.7103.113\chromedriver.exe
2025-05-23 12:28:23 [main] INFO  parabank.tests.ParabankFlowTest - Opening URL: https://parabank.parasoft.com/parabank/index.htm
2025-05-23 12:28:27 [main] INFO  parabank.tests.ParabankFlowTest - Attempting login with username: john
2025-05-23 12:28:39 [main] INFO  parabank.tests.ParabankFlowTest - Login successful for user: john
2025-05-23 12:28:39 [main] INFO  parabank.tests.ParabankFlowTest - Closing the browser
2025-05-23 12:32:14 [main] INFO  org.testng.internal.Utils - [TestNG] Running:
  C:\Users\amulya.manjunatha\eclipse-workspace\com.Capstone.Project-2\testng_BankDemo.xml

2025-05-23 12:32:14 [main] INFO  parabank.tests.ParabankFlowTest - Initializing WebDriver
2025-05-23 12:32:14 [main] INFO  io.github.bonigarcia.wdm.WebDriverManager - Using chromedriver 136.0.7103.113 (resolved driver for Chrome 136)
2025-05-23 12:32:14 [main] INFO  io.github.bonigarcia.wdm.WebDriverManager - Exporting webdriver.chrome.driver as C:\Users\amulya.manjunatha\.cache\selenium\chromedriver\win64\136.0.7103.113\chromedriver.exe
2025-05-23 12:32:16 [main] INFO  parabank.tests.ParabankFlowTest - Opening URL: https://parabank.parasoft.com/parabank/index.htm
2025-05-23 12:32:21 [main] INFO  parabank.tests.ParabankFlowTest - Attempting login with username: john
2025-05-23 12:32:38 [main] INFO  parabank.tests.ParabankFlowTest - Login successful for user: john
2025-05-23 12:32:41 [main] INFO  parabank.tests.ParabankFlowTest - Navigated to Transfer Funds page
2025-05-23 12:32:44 [main] INFO  parabank.tests.ParabankFlowTest - Entered transfer amount
2025-05-23 12:32:48 [main] INFO  parabank.tests.ParabankFlowTest - Selected from account
2025-05-23 12:32:51 [main] INFO  parabank.tests.ParabankFlowTest - Selected to account
2025-05-23 12:32:54 [main] INFO  parabank.tests.ParabankFlowTest - Clicked transfer button
2025-05-23 12:32:57 [main] INFO  parabank.tests.ParabankFlowTest - Transfer was successful!
2025-05-23 12:33:00 [main] INFO  parabank.tests.ParabankFlowTest - Closing the browser
2025-05-23 12:36:38 [main] INFO  org.testng.internal.Utils - [TestNG] Running:
  C:\Users\amulya.manjunatha\eclipse-workspace\com.Capstone.Project-2\testng_BankDemo.xml

2025-05-23 12:36:38 [main] INFO  parabank.tests.ParabankFlowTest - Initializing WebDriver
2025-05-23 12:36:39 [main] INFO  io.github.bonigarcia.wdm.WebDriverManager - Using chromedriver 136.0.7103.113 (resolved driver for Chrome 136)
2025-05-23 12:36:39 [main] INFO  io.github.bonigarcia.wdm.WebDriverManager - Exporting webdriver.chrome.driver as C:\Users\amulya.manjunatha\.cache\selenium\chromedriver\win64\136.0.7103.113\chromedriver.exe
2025-05-23 12:36:40 [main] INFO  parabank.tests.ParabankFlowTest - Opening URL: https://parabank.parasoft.com/parabank/index.htm
2025-05-23 12:36:47 [main] INFO  parabank.tests.ParabankFlowTest - Attempting login with username: john
2025-05-23 12:37:03 [main] INFO  parabank.tests.ParabankFlowTest - Login successful for user: john
2025-05-23 12:37:07 [main] INFO  parabank.tests.ParabankFlowTest - Navigated to Transfer Funds page
2025-05-23 12:37:10 [main] INFO  parabank.tests.ParabankFlowTest - Entered transfer amount
2025-05-23 12:37:23 [main] INFO  parabank.tests.ParabankFlowTest - Closing the browser
2025-05-23 12:38:07 [main] INFO  org.testng.internal.Utils - [TestNG] Running:
  C:\Users\amulya.manjunatha\eclipse-workspace\com.Capstone.Project-2\testng_BankDemo.xml

2025-05-23 12:38:07 [main] INFO  parabank.tests.ParabankFlowTest - Initializing WebDriver
2025-05-23 12:38:08 [main] INFO  io.github.bonigarcia.wdm.WebDriverManager - Using chromedriver 136.0.7103.113 (resolved driver for Chrome 136)
2025-05-23 12:38:08 [main] INFO  io.github.bonigarcia.wdm.WebDriverManager - Exporting webdriver.chrome.driver as C:\Users\amulya.manjunatha\.cache\selenium\chromedriver\win64\136.0.7103.113\chromedriver.exe
2025-05-23 12:38:09 [main] INFO  parabank.tests.ParabankFlowTest - Opening URL: https://parabank.parasoft.com/parabank/index.htm
2025-05-23 12:38:17 [main] INFO  parabank.tests.ParabankFlowTest - Attempting login with username: john
2025-05-23 12:38:33 [main] INFO  parabank.tests.ParabankFlowTest - Login successful for user: john
2025-05-23 12:38:37 [main] INFO  parabank.tests.ParabankFlowTest - Navigated to Transfer Funds page
2025-05-23 12:38:40 [main] INFO  parabank.tests.ParabankFlowTest - Entered transfer amount
2025-05-23 12:38:53 [main] INFO  parabank.tests.ParabankFlowTest - Closing the browser
2025-05-23 12:42:12 [main] INFO  org.testng.internal.Utils - [TestNG] Running:
  C:\Users\amulya.manjunatha\eclipse-workspace\com.Capstone.Project-2\testng_BankDemo.xml

2025-05-23 12:42:12 [main] INFO  parabank.tests.ParabankFlowTest - Initializing WebDriver
2025-05-23 12:42:12 [main] INFO  io.github.bonigarcia.wdm.WebDriverManager - Using chromedriver 136.0.7103.113 (resolved driver for Chrome 136)
2025-05-23 12:42:12 [main] INFO  io.github.bonigarcia.wdm.WebDriverManager - Exporting webdriver.chrome.driver as C:\Users\amulya.manjunatha\.cache\selenium\chromedriver\win64\136.0.7103.113\chromedriver.exe
2025-05-23 12:42:14 [main] INFO  parabank.tests.ParabankFlowTest - Opening URL: https://parabank.parasoft.com/parabank/index.htm
2025-05-23 12:42:20 [main] INFO  parabank.tests.ParabankFlowTest - Attempting login with username: john
2025-05-23 12:42:33 [main] INFO  parabank.tests.ParabankFlowTest - Login successful for user: john
2025-05-23 12:42:33 [main] INFO  parabank.tests.ParabankFlowTest - Navigated to Transfer Funds page
2025-05-23 12:42:33 [main] INFO  parabank.tests.ParabankFlowTest - Entered transfer amount
2025-05-23 12:42:34 [main] INFO  parabank.tests.ParabankFlowTest - Available From Accounts:
2025-05-23 12:42:34 [main] INFO  parabank.tests.ParabankFlowTest - 12345
2025-05-23 12:42:34 [main] INFO  parabank.tests.ParabankFlowTest - 12456
2025-05-23 12:42:34 [main] INFO  parabank.tests.ParabankFlowTest - 12567
2025-05-23 12:42:34 [main] INFO  parabank.tests.ParabankFlowTest - 12678
2025-05-23 12:42:34 [main] INFO  parabank.tests.ParabankFlowTest - 12789
2025-05-23 12:42:34 [main] INFO  parabank.tests.ParabankFlowTest - 12900
2025-05-23 12:42:34 [main] INFO  parabank.tests.ParabankFlowTest - 13011
2025-05-23 12:42:34 [main] INFO  parabank.tests.ParabankFlowTest - 13122
2025-05-23 12:42:34 [main] INFO  parabank.tests.ParabankFlowTest - 13233
2025-05-23 12:42:34 [main] INFO  parabank.tests.ParabankFlowTest - 13344
2025-05-23 12:42:34 [main] INFO  parabank.tests.ParabankFlowTest - 54321
2025-05-23 12:42:34 [main] INFO  parabank.tests.ParabankFlowTest - Available To Accounts:
2025-05-23 12:42:34 [main] INFO  parabank.tests.ParabankFlowTest - 12345
2025-05-23 12:42:34 [main] INFO  parabank.tests.ParabankFlowTest - 12456
2025-05-23 12:42:34 [main] INFO  parabank.tests.ParabankFlowTest - 12567
2025-05-23 12:42:34 [main] INFO  parabank.tests.ParabankFlowTest - 12678
2025-05-23 12:42:34 [main] INFO  parabank.tests.ParabankFlowTest - 12789
2025-05-23 12:42:34 [main] INFO  parabank.tests.ParabankFlowTest - 12900
2025-05-23 12:42:34 [main] INFO  parabank.tests.ParabankFlowTest - 13011
2025-05-23 12:42:34 [main] INFO  parabank.tests.ParabankFlowTest - 13122
2025-05-23 12:42:34 [main] INFO  parabank.tests.ParabankFlowTest - 13233
2025-05-23 12:42:34 [main] INFO  parabank.tests.ParabankFlowTest - 13344
2025-05-23 12:42:34 [main] INFO  parabank.tests.ParabankFlowTest - 54321
2025-05-23 12:42:35 [main] INFO  parabank.tests.ParabankFlowTest - Transfer successful
2025-05-23 12:42:35 [main] INFO  parabank.tests.ParabankFlowTest - Closing the browser
